2023-09-11 03:01:58#UPDATE#Equipment#{"id": 24, "path": "2.24", "use_parent_identifier": false, "location_path": "", "type_id": 2, "identifier": "BBB", "description": "", "is_approved": false, "comment": "", "origin_path": null}#{"id": 24, "path": "2.24", "use_parent_identifier": false, "location_path": "", "type_id": 2, "identifier": "BBBAA", "description": "", "is_approved": false, "comment": "", "origin_path": null}
2023-09-11 04:18:27#CREATE#Equipment##{"id": 23, "path": "2.23", "use_parent_identifier": false, "location_path": "", "type_id": 2, "identifier": "CCC", "description": "", "is_approved": false, "comment": "", "origin_path": null}
2023-09-11 04:25:28#DELETE#Equipment#{"id": 23, "path": "2.23", "use_parent_identifier": false, "location_path": "", "type_id": 2, "identifier": "CCC", "description": "", "is_approved": false, "comment": "", "origin_path": null}#
2023-09-11 04:32:36#CREATE#Equipment Types##{"id": 33, "path": "2.33", "label": "TTEST", "model": "", "modifier": "AA", "manufacturer": "", "description": "AA", "comment": "", "is_approved": false, "origin_path": null}
2023-09-11 04:49:19#UPDATE#Equipment Types#{"id": 33, "path": "2.33", "label": "TTEST", "model": "", "modifier": "AA", "manufacturer": "", "description": "AA", "comment": "", "is_approved": false, "origin_path": null}#{"id": 33, "path": "2.33", "label": "TTEST", "model": "", "modifier": "AABB", "manufacturer": "", "description": "AA", "comment": "", "is_approved": false, "origin_path": null}
2023-09-11 04:49:33#DELETE#Equipment Types#{"id": 33, "path": "2.33", "label": "TTEST", "model": "", "modifier": "AABB", "manufacturer": "", "description": "AA", "comment": "", "is_approved": false, "origin_path": null}#
2023-09-11 06:01:06#CREATE#Equipment Interfaces##{"id": 64, "attribute_class_id": 4, "connecting_attribute_class_id": 2, "identifier": "CCC", "description": "", "comment": "", "is_intermediate": false}
2023-09-11 06:04:30#CREATE#Equipment Interfaces##{"id": 65, "attribute_class_id": null, "connecting_attribute_class_id": null, "identifier": "MMM", "description": "", "comment": "", "is_intermediate": false}
2023-09-11 06:05:35#CREATE#Equipment Interfaces##{"id": 66, "attribute_class_id": 4, "connecting_attribute_class_id": null, "identifier": "TESTMM", "description": "", "comment": "", "is_intermediate": false}
2023-09-11 06:06:07#UPDATE#Equipment Interfaces#{"id": 66, "attribute_class_id": 4, "connecting_attribute_class_id": null, "identifier": "TESTMM", "description": "", "comment": "", "is_intermediate": false}#{"id": 66, "attribute_class_id": 2, "connecting_attribute_class_id": null, "identifier": "TESTMM", "description": "", "comment": "", "is_intermediate": false}
2023-09-11 06:06:21#DELETE#Equipment Interfaces#{"id": 66, "attribute_class_id": 2, "connecting_attribute_class_id": null, "identifier": "TESTMM", "description": "", "comment": "", "is_intermediate": false}#
2023-09-11 06:13:02#CREATE#Connection Types##{"id": 6, "path": "6", "label": "TESTAA1", "model": "", "modifier": "aa", "manufacturer": "asdf", "description": "asdf", "comment": "", "is_approved": false, "is_hidden": false}
2023-09-11 06:13:31#DELETE#Connection Types#{"id": 6, "path": "6", "label": "TESTAA1", "model": "", "modifier": "aa", "manufacturer": "asdf", "description": "asdf", "comment": "", "is_approved": false, "is_hidden": false}#
2023-09-17 09:27:47#DELETE#Connections#{"id": 20, "path": "20", "use_parent_identifier": false, "connection_type_id": 4, "start_equipment_id": 23, "start_interface_id": 23, "end_equipment_id": 24, "end_interface_id": 22, "identifier": "AAA", "description": "", "comment": "", "length": 2.0, "is_approved": true, "origin_path": null}#
2023-09-17 09:37:07#CREATE#Connections##{"id": 24, "path": "24", "use_parent_identifier": false, "connection_type_id": 5, "start_equipment_id": 13, "start_interface_id": 19, "end_equipment_id": 14, "end_interface_id": 20, "identifier": "TTTAA", "description": "TTT", "comment": "", "length": 0.0, "is_approved": false, "origin_path": null}
2023-09-17 09:37:25#DELETE#Connections#{"id": 20, "path": "20", "use_parent_identifier": false, "connection_type_id": 5, "start_equipment_id": 13, "start_interface_id": 19, "end_equipment_id": 14, "end_interface_id": 20, "identifier": "TTT", "description": "TTT", "comment": "", "length": 0.0, "is_approved": false, "origin_path": null}#
2023-09-17 09:37:37#DELETE#Connections#{"id": 22, "path": "22", "use_parent_identifier": false, "connection_type_id": 5, "start_equipment_id": 13, "start_interface_id": 19, "end_equipment_id": 14, "end_interface_id": 20, "identifier": "TTT", "description": "TTT", "comment": "", "length": 0.0, "is_approved": false, "origin_path": null}#
2023-09-17 09:37:42#DELETE#Connections#{"id": 21, "path": "21", "use_parent_identifier": false, "connection_type_id": 5, "start_equipment_id": 13, "start_interface_id": 19, "end_equipment_id": 14, "end_interface_id": 20, "identifier": "TTT", "description": "TTT", "comment": "", "length": 0.0, "is_approved": false, "origin_path": null}#
2023-09-17 09:37:48#DELETE#Connections#{"id": 24, "path": "24", "use_parent_identifier": false, "connection_type_id": 5, "start_equipment_id": 13, "start_interface_id": 19, "end_equipment_id": 14, "end_interface_id": 20, "identifier": "TTTAA", "description": "TTT", "comment": "", "length": 0.0, "is_approved": false, "origin_path": null}#
2023-09-17 09:38:07#UPDATE#Connections#{"id": 23, "path": "23", "use_parent_identifier": false, "connection_type_id": 5, "start_equipment_id": 13, "start_interface_id": 19, "end_equipment_id": 14, "end_interface_id": 20, "identifier": "TTTAA", "description": "TTT", "comment": "", "length": 0.0, "is_approved": false, "origin_path": null}#{"id": 23, "path": "23", "use_parent_identifier": false, "connection_type_id": 5, "start_equipment_id": 13, "start_interface_id": 0, "end_equipment_id": 14, "end_interface_id": 0, "identifier": "TTTAAEE", "description": "TTT", "comment": "", "length": 0.0, "is_approved": false, "origin_path": null}
2023-09-25 00:50:39#CREATE#Equipment Properties##{"id": 21, "modifier": "aa", "description": "aa", "default_value": "a", "default_datatype_id": 4, "comment": "aa", "is_reportable": false, "attribute_class_id": 4}
2023-09-25 00:51:25#UPDATE#Equipment Properties#{"id": 20, "modifier": "TTEST", "description": "TTT", "default_value": "asdfa", "default_datatype_id": null, "comment": "sfdgsf", "is_reportable": true, "attribute_class_id": 4}#{"id": 20, "modifier": "TTESTasdfasdf", "description": "TTT", "default_value": "asdfa", "default_datatype_id": null, "comment": "sfdgsf", "is_reportable": true, "attribute_class_id": 4}
2023-09-25 00:51:37#DELETE#Equipment Properties#{"id": 19, "modifier": "TTEST", "description": "TTT", "default_value": "asdfa", "default_datatype_id": 4, "comment": "sfdgsf", "is_reportable": false, "attribute_class_id": 4}#
2023-09-25 01:29:06#CREATE#Equipment##{"id": 23, "path": "23", "use_parent_identifier": false, "location_path": "", "type_id": 2, "identifier": "AAA", "description": "AA", "is_approved": false, "comment": "AA", "origin_path": null}
2023-09-25 01:30:01#CREATE#Equipment##{"id": 24, "path": "23.24", "use_parent_identifier": false, "location_path": "", "type_id": 2, "identifier": "AAWEEQ", "description": "AA", "is_approved": false, "comment": "AA", "origin_path": null}
2023-09-25 01:30:15#CREATE#Equipment##{"id": 25, "path": "23.25", "use_parent_identifier": false, "location_path": "", "type_id": 2, "identifier": "MMWE", "description": "AAS", "is_approved": false, "comment": "", "origin_path": null}
2023-09-25 02:12:19#DELETE#Equipment#{"id": 24, "path": "23.24", "use_parent_identifier": false, "location_path": "", "type_id": 2, "identifier": "AAWEEQ", "description": "AA", "is_approved": false, "comment": "AA", "origin_path": null}#
2023-09-25 02:12:32#CREATE#Equipment##{"id": 26, "path": "23.26", "use_parent_identifier": false, "location_path": "", "type_id": 2, "identifier": "asfdasdf", "description": "", "is_approved": false, "comment": "asdf", "origin_path": null}
2023-09-25 02:12:37#CREATE#Equipment##{"id": 27, "path": "23.27", "use_parent_identifier": false, "location_path": "", "type_id": 2, "identifier": "asdfasdf", "description": "", "is_approved": false, "comment": "asdfasdf", "origin_path": null}
